<?xml version="1.0" encoding="UTF-8"?>
<!-- Generated by org.testng.reporters.JUnitReportReporter -->
<testsuite hostname="LAPTOP-RBGJKB1Q" failures="0" tests="1" name="tutorialsPoint.TestCase" time="10.272" errors="0" timestamp="2021-11-12T00:32:25 IST" skipped="0">
  <testcase classname="tutorialsPoint.TestCase" name="runTestCase" time="10.272"/>
  <system-out/>
</testsuite> <!-- tutorialsPoint.TestCase -->
